make all --print-data-base --no-builtin-variables --no-builtin-rules --question
# GNU Make 4.3
# Built for x86_64-pc-linux-gnu
# Copyright (C) 1988-2020 Free Software Foundation, Inc.
# License GPLv3+: GNU GPL version 3 or later <http://gnu.org/licenses/gpl.html>
# This is free software: you are free to change and redistribute it.
# There is NO WARRANTY, to the extent permitted by law.

# Make data base, printed on Wed Oct 12 21:29:11 2022

# Variables

# environment
GDK_BACKEND = x11
# environment
LC_ALL = C
# environment
GNOME_SHELL_SESSION_MODE = ubuntu
# environment
YVM_DIR = /home/professor/.yvm
# environment
SSH_AGENT_LAUNCHER = gnome-keyring
# environment
SNAP_INSTANCE_KEY = 
# environment
GJS_DEBUG_OUTPUT = stderr
# environment
MANDATORY_PATH = /usr/share/gconf/ubuntu.mandatory.path
# environment
VSCODE_CWD = /home/professor
# environment
WINDOWPATH = 2
# environment
NVM_DIR = /home/professor/.nvm
# default
MAKE_COMMAND := make
# environment
QT_ACCESSIBILITY = 1
# automatic
@D = $(patsubst %/,%,$(dir $@))
# environment
SNAP_INSTANCE_NAME = code
# environment
GDK_PIXBUF_MODULEDIR = /snap/code/108/usr/lib/x86_64-linux-gnu/gdk-pixbuf-2.0/2.10.0/loaders
# environment
VSCODE_HANDLES_UNCAUGHT_ERRORS = true
# default
.VARIABLES := 
# environment
PWD = /home/professor/Документы/rubytut/lesson59-64/lucky_devil
# automatic
%D = $(patsubst %/,%,$(dir $%))
# environment
XDG_DATA_DIRS = /usr/share/ubuntu:/usr/share/gnome:/home/professor/.local/share/flatpak/exports/share:/var/lib/flatpak/exports/share:/usr/local/share/:/usr/share/:/var/lib/snapd/desktop
# automatic
^D = $(patsubst %/,%,$(dir $^))
# automatic
%F = $(notdir $%)
# environment
NVM_INC = /home/professor/.nvm/versions/node/v14.19.3/include/node
# environment
VSCODE_CODE_CACHE_PATH = /home/professor/.config/Code/CachedData/74b1f979648cc44d385a2286793c226e611f59e7
# environment
LANG = C
# environment
XAUTHORITY = /run/user/1000/gdm/Xauthority
# default
.LOADED := 
# environment
RECAPTCHA_ASKANS_PRIVATE_KEY = 6LfdCA0iAAAAAApIwkn9k_f8dHsNnolaYe4gIZ6a
# default
.INCLUDE_DIRS = /usr/local/include /usr/include /usr/include
# makefile
MAKEFLAGS = pqrR
# makefile
CURDIR := /home/professor/Документы/rubytut/lesson59-64/lucky_devil
# environment
APPLICATION_INSIGHTS_NO_DIAGNOSTIC_CHANNEL = 1
# environment
LESSOPEN = | /usr/bin/lesspipe %s
# automatic
*D = $(patsubst %/,%,$(dir $*))
# environment
MFLAGS = -pqrR
# environment
SSH_AUTH_SOCK = /run/user/1000/keyring/ssh
# default
.SHELLFLAGS := -c
# environment
NVM_BIN = /home/professor/.nvm/versions/node/v14.19.3/bin
# environment
XDG_CONFIG_DIRS = /etc/xdg/xdg-ubuntu:/etc/xdg
# automatic
+D = $(patsubst %/,%,$(dir $+))
# environment
XDG_SESSION_DESKTOP = ubuntu
# makefile (from 'Makefile', line 1)
MAKEFILE_LIST := Makefile
# environment
SNAP_REEXEC = 
# automatic
@F = $(notdir $@)
# environment
VSCODE_PID = 22273
# environment
XDG_SESSION_TYPE = x11
# automatic
?D = $(patsubst %/,%,$(dir $?))
# environment
BAMF_DESKTOP_FILE_HINT = /var/lib/snapd/desktop/applications/code_code.desktop
# environment
SESSION_MANAGER = local/professor-N56JRH:@/tmp/.ICE-unix/2952,unix/professor-N56JRH:/tmp/.ICE-unix/2952
# automatic
*F = $(notdir $*)
# environment
CHROME_DESKTOP = code-url-handler.desktop
# environment
DBUS_SESSION_BUS_ADDRESS = unix:path=/run/user/1000/bus
# automatic
<D = $(patsubst %/,%,$(dir $<))
# environment
VSCODE_NLS_CONFIG = {"locale":"ru","availableLanguages":{"*":"ru"},"_languagePackId":"82b10cd20de2ad093dc119a3bdaec56e.ru","_translationsConfigFile":"/home/professor/.config/Code/clp/82b10cd20de2ad093dc119a3bdaec56e.ru/tcf.json","_cacheRoot":"/home/professor/.config/Code/clp/82b10cd20de2ad093dc119a3bdaec56e.ru","_resolvedLanguagePackCoreLocation":"/home/professor/.config/Code/clp/82b10cd20de2ad093dc119a3bdaec56e.ru/74b1f979648cc44d385a2286793c226e611f59e7","_corruptedFile":"/home/professor/.config/Code/clp/82b10cd20de2ad093dc119a3bdaec56e.ru/corrupted.info","_languagePackSupport":true}
# default
MAKE_HOST := x86_64-pc-linux-gnu
# environment
GNOME_DESKTOP_SESSION_ID = this-is-deprecated
# makefile
SHELL = /bin/sh
# default
MAKECMDGOALS := all
# environment
XMODIFIERS = @im=ibus
# environment
GJS_DEBUG_TOPICS = JS ERROR;JS LOG
# environment
SHLVL = 0
# environment
MAKELEVEL := 0
# default
MAKE = $(MAKE_COMMAND)
# environment
SNAP_COOKIE = QOr97p3x2z0Nc5TiXecuBuVjxJ5OHFJP9XqQmvSyHo88ZKvrTd_W
# environment
PATH = /home/professor/.nvm/versions/node/v14.19.3/bin:/home/professor/.yarn/bin:/home/professor/.config/yarn/global/node_modules/.bin:/home/professor/.rbenv/shims:/home/professor/.rbenv/bin:/usr/local/sbin:/usr/local/bin:/usr/sbin:/usr/bin:/sbin:/bin:/usr/games:/usr/local/games:/snap/bin:/snap/bin:/home/professor/Документы:/home/professor/.rbenv/shims:/home/professor/.rbenv/bin:/usr/local/sbin:/usr/local/bin:/usr/sbin:/usr/bin:/sbin:/bin:/usr/games:/usr/local/games:/snap/bin:/snap/bin:/home/professor/Документы/rubytut/gits/meteoservice:/home/professor/.rbenv/shims:/home/professor/.rbenv/bin:/usr/local/sbin:/usr/local/bin:/usr/sbin:/usr/bin:/sbin:/bin:/usr/games:/usr/local/games:/snap/bin:/snap/bin:/home/professor/Документы:/home/professor/.rbenv/shims:/home/professor/.rbenv/bin:/usr/local/sbin:/usr/local/bin:/usr/sbin:/usr/bin:/sbin:/bin:/usr/games:/usr/local/games:/snap/bin:/snap/bin:/home/professor/Загрузки/chromedriver
# default
MAKEFILES := 
# automatic
^F = $(notdir $^)
# environment
SNAP_USER_COMMON = /home/professor/snap/code/common
# environment
SNAP = /snap/code/108
# environment
bbq = oceanborn
# environment
INVOCATION_ID = 9735801561fa43f29247dde0d73bec0d
# environment
SNAP_REVISION = 108
# environment
SNAP_REAL_HOME = /home/professor
# environment
USERNAME = professor
# environment
LESSCLOSE = /usr/bin/lesspipe %s %s
# environment
RECAPTCHA_ASKANS_PUBLIC_KEY = 6LfdCA0iAAAAAGXfJZR0PhrzYhEAgOo3avFLkYLB
# automatic
?F = $(notdir $?)
# environment
Hangman = oceanborn
# environment
XDG_CURRENT_DESKTOP = Unity
# environment
LS_COLORS = 
# automatic
+F = $(notdir $+)
# environment
DESKTOP_SESSION = ubuntu
# environment
ORIGINAL_XDG_CURRENT_DESKTOP = ubuntu:GNOME
# 'override' directive
GNUMAKEFLAGS := 
# environment
LOGNAME = professor
# environment
GIO_LAUNCHED_DESKTOP_FILE = /var/lib/snapd/desktop/applications/code_code.desktop
# environment
SNAP_ARCH = amd64
# makefile
.DEFAULT_GOAL := drop!
# environment
SYSTEMD_EXEC_PID = 3013
# environment
DISPLAY = :1
# environment
USER = professor
# environment
GTK_MODULES = gail:atk-bridge
# environment
DEFAULTS_PATH = /usr/share/gconf/ubuntu.default.path
# default
MAKE_VERSION := 4.3
# environment
SNAP_DATA = /var/snap/code/108
# environment
SNAP_CONTEXT = QOr97p3x2z0Nc5TiXecuBuVjxJ5OHFJP9XqQmvSyHo88ZKvrTd_W
# environment
MANAGERPID = 2433
# environment
GIO_LAUNCHED_DESKTOP_FILE_PID = 22223
# environment
_ = /snap/code/108/usr/share/code/code
# environment
XDG_RUNTIME_DIR = /run/user/1000
# environment
GPG_AGENT_INFO = /run/user/1000/gnupg/S.gpg-agent:0:1
# environment
GDK_PIXBUF_MODULE_FILE = /home/professor/snap/code/common/.cache/gdk-pixbuf-loaders.cache
# environment
NVM_CD_FLAGS = 
# environment
JOURNAL_STREAM = 8:35427
# environment
XDG_SESSION_CLASS = user
# environment
VSCODE_AMD_ENTRYPOINT = vs/workbench/api/node/extensionHostProcess
# environment
HOME = /home/professor
# environment
QT_IM_MODULE = ibus
# environment
ELECTRON_RUN_AS_NODE = 1
# environment
VSCODE_IPC_HOOK = /run/user/1000/vscode-3833debe-1.71.2-main.sock
# environment
SNAP_NAME = code
# environment
GSETTINGS_SCHEMA_DIR = /snap/code/108/usr/share/glib-2.0/schemas
# makefile (from 'Makefile', line 15)
RUN_ARGS := 
# environment
IM_CONFIG_PHASE = 1
# default
.RECIPEPREFIX := 
# automatic
<F = $(notdir $<)
# environment
SNAP_VERSION = 74b1f979
# default
SUFFIXES := 
# environment
RBENV_SHELL = bash
# environment
VSCODE_CLI = 1
# environment
ELECTRON_NO_ATTACH_CONSOLE = 1
# environment
SNAP_COMMON = /var/snap/code/common
# default
.FEATURES := target-specific order-only second-expansion else-if shortest-stem undefine oneshell nocomment grouped-target extra-prereqs archives jobserver output-sync check-symlink load
# environment
SNAP_USER_DATA = /home/professor/snap/code/108
# environment
XDG_MENU_PREFIX = gnome-
# environment
AskAns = oceanborn
# environment
GDMSESSION = ubuntu
# environment
SNAP_LIBRARY_PATH = /var/lib/snapd/lib/gl:/var/lib/snapd/lib/gl32:/var/lib/snapd/void
# variable set hash-table stats:
# Load=129/1024=13%, Rehash=0, Collisions=5/161=3%

# Pattern-specific Variable Values

# No pattern-specific variable values.

# Directories

# . (device 2049, inode 1311585): 35 files, no impossibilities.

# 35 files, no impossibilities in 1 directories.

# Implicit Rules

# No implicit rules.

# Files

 
make: *** No rule to make target 'all'.  Stop.

c: run-console
#  Implicit rule search has not been done.
#  Modification time never checked.
#  File has not been updated.

rubocop:
#  Implicit rule search has not been done.
#  Modification time never checked.
#  File has not been updated.
#  recipe to execute (from 'Makefile', line 37):
	rubocop -A

webpacker:
#  Implicit rule search has not been done.
#  Modification time never checked.
#  File has not been updated.
#  recipe to execute (from 'Makefile', line 43):
	./bin/webpack-dev-server

# Not a target:
Makefile:
#  Implicit rule search has been done.
#  Last modified 2022-10-12 21:16:33.812999638
#  File has been updated.
#  Successfully updated.

rspec:
#  Implicit rule search has not been done.
#  Modification time never checked.
#  File has not been updated.
#  recipe to execute (from 'Makefile', line 49):
	bundle exec rspec spec/models/game_question_spec.rb
	bundle exec rspec spec/models/game_spec.rb
	bundle exec rspec spec/models/question_spec.rb
	bundle exec rspec spec/controllers/games_controller_spec.rb
	bundle exec rspec spec/views/users/index.html.erb_spec.rb
	bundle exec rspec spec/views/users/show.html.erb_spec.rb
	bundle exec rspec spec/views/users/_game.html.erb_spec.rb
	bundle exec rspec spec/views/games/_help.html.erb_spec.rb
	bundle exec rspec spec/views/games/_game_question.html.erb_spec.rb

run-console:
#  Implicit rule search has not been done.
#  Modification time never checked.
#  File has not been updated.
#  recipe to execute (from 'Makefile', line 46):
	bundle exec rails console

initially:
#  Implicit rule search has not been done.
#  Modification time never checked.
#  File has not been updated.
#  recipe to execute (from 'Makefile', line 21):
	rails db:create
	rails db:migrate

# Not a target:
.DEFAULT:
#  Implicit rule search has not been done.
#  Modification time never checked.
#  File has not been updated.

# Not a target:
all:
#  Command line target.
#  Implicit rule search has been done.
#  File does not exist.
#  File has not been updated.

web:
#  Implicit rule search has not been done.
#  Modification time never checked.
#  File has not been updated.
#  recipe to execute (from 'Makefile', line 40):
	ruby bin/rails server -p 3000

migration:
#  Implicit rule search has not been done.
#  Modification time never checked.
#  File has not been updated.
#  recipe to execute (from 'Makefile', line 25):
	bundle exec rails g migration $(RUN_ARGS)

migrate:
#  Implicit rule search has not been done.
#  Modification time never checked.
#  File has not been updated.
#  recipe to execute (from 'Makefile', line 34):
	bundle exec rails db:migrate

drop!:
#  Implicit rule search has not been done.
#  Modification time never checked.
#  File has not been updated.
#  recipe to execute (from 'Makefile', line 18):
	rails db:drop

model:
#  Implicit rule search has not been done.
#  Modification time never checked.
#  File has not been updated.
#  recipe to execute (from 'Makefile', line 28):
	bundle exec rails g model $(RUN_ARGS)

db:
#  Phony target (prerequisite of .PHONY).
#  Implicit rule search has not been done.
#  File does not exist.
#  File has not been updated.

create:
#  Implicit rule search has not been done.
#  Modification time never checked.
#  File has not been updated.
#  recipe to execute (from 'Makefile', line 31):
	bundle exec rails db:create

.PHONY: db
#  Implicit rule search has not been done.
#  Modification time never checked.
#  File has not been updated.

# files hash-table stats:
# Load=18/1024=2%, Rehash=0, Collisions=0/30=0%
# VPATH Search Paths

# No 'vpath' search paths.

# No general ('VPATH' variable) search path.

# strcache buffers: 1 (0) / strings = 53 / storage = 475 B / avg = 8 B
# current buf: size = 8162 B / used = 475 B / count = 53 / avg = 8 B

# strcache performance: lookups = 72 / hit rate = 26%
# hash-table stats:
# Load=53/8192=1%, Rehash=0, Collisions=0/72=0%
# Finished Make data base on Wed Oct 12 21:29:11 2022

 
